<?xml version="1.0" encoding="UTF-8"?>
<testsuite xmlns:xsi="http://www.w3.org/2001/XMLSchema-instance" xsi:noNamespaceSchemaLocation="https://maven.apache.org/surefire/maven-surefire-plugin/xsd/surefire-test-report-3.0.xsd" version="3.0" name="TestSuite" time="262.762" tests="33" errors="0" skipped="0" failures="3">
  <properties>
[...]
</properties>
  <testcase name="emptyLogin" classname="com.AppMovies.testcases.LoginPageTest" time="0.835"/>
  <testcase name="invalidEnter" classname="com.AppMovies.testcases.LoginPageTest" time="1.734"/>
  <testcase name="login" classname="com.AppMovies.testcases.LoginPageTest" time="1.693"/>
  <testcase name="loginTextDisplayed" classname="com.AppMovies.testcases.LoginPageTest" time="0.47"/>
  <testcase name="toRegister" classname="com.AppMovies.testcases.LoginPageTest" time="0.73"/>
  <testcase name="InvaliedRegister" classname="com.AppMovies.testcases.RegisterPageTest" time="3.758"/>
  <testcase name="addUser" classname="com.AppMovies.testcases.RegisterPageTest" time="3.69"/>
  <testcase name="confirmPassword" classname="com.AppMovies.testcases.RegisterPageTest" time="3.704"/>
  <testcase name="goToLogin" classname="com.AppMovies.testcases.RegisterPageTest" time="0.908"/>
  <testcase name="clickOnMovieCard" classname="com.AppMovies.testcases.MoviesPageTest" time="1.739"/>
  <testcase name="imageCardMovieIsDispalyed" classname="com.AppMovies.testcases.MoviesPageTest" time="4.235"/>
  <testcase name="movieCardIsDisplayed" classname="com.AppMovies.testcases.MoviesPageTest" time="1.538"/>
  <testcase name="officialRatingMovieIsDispalyed" classname="com.AppMovies.testcases.MoviesPageTest" time="1.727"/>
  <testcase name="searchAvalaibleMovie" classname="com.AppMovies.testcases.MoviesPageTest" time="2.12"/>
  <testcase name="searchInvalaibleMovie" classname="com.AppMovies.testcases.MoviesPageTest" time="11.803"/>
  <testcase name="titleCardMovieIsDispalyed" classname="com.AppMovies.testcases.MoviesPageTest" time="1.573"/>
  <testcase name="backToAllMovies" classname="com.AppMovies.testcases.MovieDetailsPageTest" time="1.985"/>
  <testcase name="clickOnRatingBtn" classname="com.AppMovies.testcases.MovieDetailsPageTest" time="2.897"/>
  <testcase name="descDisplayed" classname="com.AppMovies.testcases.MovieDetailsPageTest" time="1.913"/>
  <testcase name="goToMyProfile" classname="com.AppMovies.testcases.MovieDetailsPageTest" time="2.03"/>
  <testcase name="inputElementEnabled" classname="com.AppMovies.testcases.MovieDetailsPageTest" time="2.402"/>
  <testcase name="sendEmptyRatingorInvalid" classname="com.AppMovies.testcases.MovieDetailsPageTest" time="2.271"/>
  <testcase name="sendRatingSucces" classname="com.AppMovies.testcases.MovieDetailsPageTest" time="2.341"/>
  <testcase name="cancelRemoveMovie" classname="com.AppMovies.testcases.MyProfilePageTest" time="3.038"/>
  <testcase name="goToLoginPage" classname="com.AppMovies.testcases.MyProfilePageTest" time="0.695"/>
  <testcase name="imageMovieIsDisplayed" classname="com.AppMovies.testcases.MyProfilePageTest" time="3.538"/>
  <testcase name="isMovieCardDsiplayed" classname="com.AppMovies.testcases.MyProfilePageTest" time="3.626"/>
  <testcase name="pageProfileDisplayed" classname="com.AppMovies.testcases.MyProfilePageTest" time="0.503"/>
  <testcase name="removeMovieSuccess" classname="com.AppMovies.testcases.MyProfilePageTest" time="11.586">
    <failure message="java.lang.reflect.InvocationTargetException&#10;Build info: version: &apos;3.141.59&apos;, revision: &apos;e82be7d358&apos;, time: &apos;2018-11-14T08:17:03&apos;&#10;System info: host: &apos;RAB66FVSG3&apos;, ip: &apos;192.168.1.116&apos;, os.name: &apos;Windows 10&apos;, os.arch: &apos;amd64&apos;, os.version: &apos;10.0&apos;, java.version: &apos;11.0.13&apos;&#10;Driver info: driver.version: RemoteWebDriver" type="org.openqa.selenium.json.JsonException"><![CDATA[org.openqa.selenium.json.JsonException: 
java.lang.reflect.InvocationTargetException
Build info: version: '3.141.59', revision: 'e82be7d358', time: '2018-11-14T08:17:03'
System info: host: 'RAB66FVSG3', ip: '192.168.1.116', os.name: 'Windows 10', os.arch: 'amd64', os.version: '10.0', java.version: '11.0.13'
Driver info: driver.version: RemoteWebDriver
	at com.AppMovies.testcases.MyProfilePageTest.removeMovieSuccess(MyProfilePageTest.java:60)
Caused by: java.lang.reflect.InvocationTargetException
	at com.AppMovies.testcases.MyProfilePageTest.removeMovieSuccess(MyProfilePageTest.java:60)
Caused by: org.openqa.selenium.NoSuchElementException: 
no such element: Unable to locate element: {"method":"css selector","selector":".swal2\-confirm"}
  (Session info: chrome=101.0.4951.54)
For documentation on this error, please visit: https://www.seleniumhq.org/exceptions/no_such_element.html
Build info: version: '3.141.59', revision: 'e82be7d358', time: '2018-11-14T08:17:03'
System info: host: 'RAB66FVSG3', ip: '192.168.1.116', os.name: 'Windows 10', os.arch: 'amd64', os.version: '10.0', java.version: '11.0.13'
Driver info: org.openqa.selenium.chrome.ChromeDriver
Capabilities {acceptInsecureCerts: false, browserName: chrome, browserVersion: 101.0.4951.54, chrome: {chromedriverVersion: 101.0.4951.41 (93c720db8323..., userDataDir: C:\Users\MRHARN~1\AppData\L...}, goog:chromeOptions: {debuggerAddress: localhost:58958}, javascriptEnabled: true, networkConnectionEnabled: false, pageLoadStrategy: normal, platform: WINDOWS, platformName: WINDOWS, proxy: Proxy(), setWindowRect: true, strictFileInteractability: false, timeouts: {implicit: 0, pageLoad: 300000, script: 30000}, unhandledPromptBehavior: dismiss and notify, webauthn:extension:credBlob: true, webauthn:extension:largeBlob: true, webauthn:virtualAuthenticators: true}
Session ID: 1786d10be3bf7a60c3d2c5f5fdb89475
*** Element info: {Using=class name, value=swal2-confirm}
	at com.AppMovies.testcases.MyProfilePageTest.removeMovieSuccess(MyProfilePageTest.java:60)
]]></failure>
    <system-out><![CDATA[Successfully entered value
Successfully entered value
]]></system-out>
    <system-err><![CDATA[Starting ChromeDriver 101.0.4951.41 (93c720db8323b3ec10d056025ab95c23a31997c9-refs/branch-heads/4951@{#904}) on port 7348
Only local connections are allowed.
Please see https://chromedriver.chromium.org/security-considerations for suggestions on keeping ChromeDriver safe.
ChromeDriver was started successfully.
May 13, 2022 3:30:18 PM org.openqa.selenium.remote.ProtocolHandshake createSession
INFO: Detected dialect: W3C
]]></system-err>
  </testcase>
  <testcase name="startRatingIsDisplayed" classname="com.AppMovies.testcases.MyProfilePageTest" time="1.179">
    <failure message="expected [true] but found [false]" type="java.lang.AssertionError"><![CDATA[java.lang.AssertionError: expected [true] but found [false]
	at com.AppMovies.testcases.MyProfilePageTest.startRatingIsDisplayed(MyProfilePageTest.java:124)
]]></failure>
    <system-out><![CDATA[Successfully entered value
Successfully entered value
Successfully Found element at
The element is Displayed
]]></system-out>
    <system-err><![CDATA[Starting ChromeDriver 101.0.4951.41 (93c720db8323b3ec10d056025ab95c23a31997c9-refs/branch-heads/4951@{#904}) on port 41407
Only local connections are allowed.
Please see https://chromedriver.chromium.org/security-considerations for suggestions on keeping ChromeDriver safe.
ChromeDriver was started successfully.
May 13, 2022 3:30:35 PM org.openqa.selenium.remote.ProtocolHandshake createSession
INFO: Detected dialect: W3C
]]></system-err>
  </testcase>
  <testcase name="titleMovieIsDisplayed" classname="com.AppMovies.testcases.MyProfilePageTest" time="1.314"/>
  <testcase name="updateUserRating" classname="com.AppMovies.testcases.MyProfilePageTest" time="16.222">
    <failure message="no such element: Unable to locate element: {&quot;method&quot;:&quot;css selector&quot;,&quot;selector&quot;:&quot;.mat\-card\-title&quot;}&#10;  (Session info: chrome=101.0.4951.54)&#10;For documentation on this error, please visit: https://www.seleniumhq.org/exceptions/no_such_element.html&#10;Build info: version: &apos;3.141.59&apos;, revision: &apos;e82be7d358&apos;, time: &apos;2018-11-14T08:17:03&apos;&#10;System info: host: &apos;RAB66FVSG3&apos;, ip: &apos;192.168.1.116&apos;, os.name: &apos;Windows 10&apos;, os.arch: &apos;amd64&apos;, os.version: &apos;10.0&apos;, java.version: &apos;11.0.13&apos;&#10;Driver info: org.openqa.selenium.chrome.ChromeDriver&#10;Capabilities {acceptInsecureCerts: false, browserName: chrome, browserVersion: 101.0.4951.54, chrome: {chromedriverVersion: 101.0.4951.41 (93c720db8323..., userDataDir: C:\Users\MRHARN~1\AppData\L...}, goog:chromeOptions: {debuggerAddress: localhost:59100}, javascriptEnabled: true, networkConnectionEnabled: false, pageLoadStrategy: normal, platform: WINDOWS, platformName: WINDOWS, proxy: Proxy(), setWindowRect: true, strictFileInteractability: false, timeouts: {implicit: 0, pageLoad: 300000, script: 30000}, unhandledPromptBehavior: dismiss and notify, webauthn:extension:credBlob: true, webauthn:extension:largeBlob: true, webauthn:virtualAuthenticators: true}&#10;Session ID: 50b63dfdfc1e631e9bb3c63b3fc8706e&#10;*** Element info: {Using=class name, value=mat-card-title}" type="org.openqa.selenium.NoSuchElementException"><![CDATA[org.openqa.selenium.NoSuchElementException: 
no such element: Unable to locate element: {"method":"css selector","selector":".mat\-card\-title"}
  (Session info: chrome=101.0.4951.54)
For documentation on this error, please visit: https://www.seleniumhq.org/exceptions/no_such_element.html
Build info: version: '3.141.59', revision: 'e82be7d358', time: '2018-11-14T08:17:03'
System info: host: 'RAB66FVSG3', ip: '192.168.1.116', os.name: 'Windows 10', os.arch: 'amd64', os.version: '10.0', java.version: '11.0.13'
Driver info: org.openqa.selenium.chrome.ChromeDriver
Capabilities {acceptInsecureCerts: false, browserName: chrome, browserVersion: 101.0.4951.54, chrome: {chromedriverVersion: 101.0.4951.41 (93c720db8323..., userDataDir: C:\Users\MRHARN~1\AppData\L...}, goog:chromeOptions: {debuggerAddress: localhost:59100}, javascriptEnabled: true, networkConnectionEnabled: false, pageLoadStrategy: normal, platform: WINDOWS, platformName: WINDOWS, proxy: Proxy(), setWindowRect: true, strictFileInteractability: false, timeouts: {implicit: 0, pageLoad: 300000, script: 30000}, unhandledPromptBehavior: dismiss and notify, webauthn:extension:credBlob: true, webauthn:extension:largeBlob: true, webauthn:virtualAuthenticators: true}
Session ID: 50b63dfdfc1e631e9bb3c63b3fc8706e
*** Element info: {Using=class name, value=mat-card-title}
	at com.AppMovies.testcases.MyProfilePageTest.updateUserRating(MyProfilePageTest.java:104)
]]></failure>
    <system-out><![CDATA[Successfully entered value
Successfully entered value
Successfully Found element at
The element is Displayed
Successfully entered value
]]></system-out>
    <system-err><![CDATA[Starting ChromeDriver 101.0.4951.41 (93c720db8323b3ec10d056025ab95c23a31997c9-refs/branch-heads/4951@{#904}) on port 10408
Only local connections are allowed.
Please see https://chromedriver.chromium.org/security-considerations for suggestions on keeping ChromeDriver safe.
ChromeDriver was started successfully.
May 13, 2022 3:30:47 PM org.openqa.selenium.remote.ProtocolHandshake createSession
INFO: Detected dialect: W3C
]]></system-err>
  </testcase>
  <testcase name="userRatingIsDisplayed" classname="com.AppMovies.testcases.MyProfilePageTest" time="1.17"/>
</testsuite>